\BOOKMARK [0][-]{dummy.4}{\376\377\000A\000c\000k\000n\000o\000w\000l\000e\000d\000g\000m\000e\000n\000t\000s}{}% 1
\BOOKMARK [0][-]{dummy.5}{\376\377\000C\000o\000n\000t\000r\000i\000b\000u\000t\000i\000o\000n\000\040\000t\000o\000\040\000S\000u\000s\000t\000a\000i\000n\000a\000b\000l\000e\000\040\000D\000e\000v\000e\000l\000o\000p\000m\000e\000n\000t\000\040\000G\000o\000a\000l\000s}{}% 2
\BOOKMARK [0][-]{dummy.7}{\376\377\000L\000i\000s\000t\000\040\000o\000f\000\040\000F\000i\000g\000u\000r\000e\000s}{}% 3
\BOOKMARK [0][-]{dummy.9}{\376\377\000L\000i\000s\000t\000\040\000o\000f\000\040\000T\000a\000b\000l\000e\000s}{}% 4
\BOOKMARK [0][-]{dummy.11}{\376\377\000A\000b\000b\000r\000e\000v\000i\000a\000t\000i\000o\000n\000s}{}% 5
\BOOKMARK [0][-]{dummy.14}{\376\377\000A\000b\000s\000t\000r\000a\000c\000t}{}% 6
\BOOKMARK [0][-]{chapter.15}{\376\377\0001\000\040\000I\000n\000t\000r\000o\000d\000u\000c\000t\000i\000o\000n}{}% 7
\BOOKMARK [1][-]{section.16}{\376\377\0001\000.\0001\000\040\000H\0002\0006\0004\000\040\000P\000r\000o\000f\000i\000l\000e\000s}{chapter.15}% 8
\BOOKMARK [2][-]{subsection.17}{\376\377\0001\000.\0001\000.\0001\000\040\000B\000a\000s\000e\000l\000i\000n\000e\000\040\000P\000r\000o\000f\000i\000l\000e}{section.16}% 9
\BOOKMARK [2][-]{subsection.18}{\376\377\0001\000.\0001\000.\0002\000\040\000M\000a\000i\000n\000\040\000P\000r\000o\000f\000i\000l\000e}{section.16}% 10
\BOOKMARK [2][-]{subsection.19}{\376\377\0001\000.\0001\000.\0003\000\040\000H\000i\000g\000h\000\040\000P\000r\000o\000f\000i\000l\000e}{section.16}% 11
\BOOKMARK [1][-]{section.21}{\376\377\0001\000.\0002\000\040\000H\0002\0006\0004\000\040\000P\000r\000o\000c\000e\000s\000s}{chapter.15}% 12
\BOOKMARK [2][-]{subsection.22}{\376\377\0001\000.\0002\000.\0001\000\040\000F\000o\000r\000w\000a\000r\000d\000\040\000P\000a\000t\000h}{section.21}% 13
\BOOKMARK [2][-]{subsection.23}{\376\377\0001\000.\0002\000.\0002\000\040\000R\000e\000c\000o\000n\000s\000t\000r\000u\000c\000t\000i\000o\000n\000\040\000P\000a\000t\000h}{section.21}% 14
\BOOKMARK [1][-]{section.24}{\376\377\0001\000.\0003\000\040\000H\0002\0006\0004\000\040\000M\000a\000j\000o\000r\000\040\000C\000o\000m\000p\000o\000n\000e\000n\000t\000s}{chapter.15}% 15
\BOOKMARK [2][-]{subsection.25}{\376\377\0001\000.\0003\000.\0001\000\040\000P\000r\000e\000d\000i\000c\000t\000i\000o\000n}{section.24}% 16
\BOOKMARK [2][-]{subsection.26}{\376\377\0001\000.\0003\000.\0002\000\040\000I\000n\000t\000r\000a\000-\000P\000r\000e\000d\000i\000c\000t\000i\000o\000n}{section.24}% 17
\BOOKMARK [2][-]{subsection.28}{\376\377\0001\000.\0003\000.\0003\000\040\000I\000n\000t\000e\000r\000-\000P\000r\000e\000d\000i\000c\000t\000i\000o\000n}{section.24}% 18
\BOOKMARK [3][-]{subsubsection.30}{\376\377\0001\000.\0003\000.\0003\000.\0001\000\040\000M\000o\000t\000i\000o\000n\000\040\000V\000e\000c\000t\000o\000r\000\040\000P\000r\000e\000d\000i\000c\000t\000i\000o\000n}{subsection.28}% 19
\BOOKMARK [2][-]{subsection.32}{\376\377\0001\000.\0003\000.\0004\000\040\000T\000r\000a\000n\000s\000f\000o\000r\000m}{section.24}% 20
\BOOKMARK [2][-]{subsection.33}{\376\377\0001\000.\0003\000.\0005\000\040\000Q\000u\000a\000n\000t\000i\000z\000a\000t\000i\000o\000n}{section.24}% 21
\BOOKMARK [2][-]{subsection.34}{\376\377\0001\000.\0003\000.\0006\000\040\000E\000n\000t\000r\000o\000p\000y\000\040\000E\000n\000c\000o\000d\000i\000n\000g}{section.24}% 22
\BOOKMARK [1][-]{section.35}{\376\377\0001\000.\0004\000\040\000H\0002\0006\0004\000\040\000s\000y\000n\000t\000a\000x}{chapter.15}% 23
\BOOKMARK [0][-]{chapter.37}{\376\377\0002\000\040\000M\000o\000t\000i\000v\000a\000t\000i\000o\000n\000s\000\040\000a\000n\000d\000\040\000P\000r\000o\000b\000l\000e\000m\000\040\000S\000t\000a\000t\000e\000m\000e\000n\000t}{}% 24
\BOOKMARK [1][-]{section.38}{\376\377\0002\000.\0001\000\040\000M\000o\000t\000i\000v\000a\000t\000i\000o\000n\000s}{chapter.37}% 25
\BOOKMARK [1][-]{section.39}{\376\377\0002\000.\0002\000\040\000W\000h\000y\000\040\000H\0002\0006\0004\000\040\000i\000s\000\040\000m\000o\000r\000e\000\040\000e\000f\000f\000i\000c\000i\000e\000n\000t\000?}{chapter.37}% 26
\BOOKMARK [1][-]{section.40}{\376\377\0002\000.\0003\000\040\000P\000r\000o\000j\000e\000c\000t\000\040\000C\000o\000n\000t\000i\000n\000u\000a\000t\000i\000o\000n}{chapter.37}% 27
\BOOKMARK [1][-]{section.41}{\376\377\0002\000.\0004\000\040\000N\000e\000e\000d\000\040\000f\000o\000r\000\040\000f\000u\000r\000t\000h\000e\000r\000\040\000I\000m\000p\000r\000o\000v\000e\000m\000e\000n\000t\000s}{chapter.37}% 28
\BOOKMARK [0][-]{chapter.42}{\376\377\0003\000\040\000P\000r\000e\000d\000i\000c\000t\000i\000o\000n\000,\000\040\000T\000r\000a\000n\000s\000f\000o\000r\000m\000a\000t\000i\000o\000n\000,\000\040\000Q\000u\000a\000n\000t\000i\000z\000a\000t\000i\000o\000n\000\040\000a\000n\000d\000\040\000E\000n\000c\000o\000d\000i\000n\000g}{}% 29
\BOOKMARK [1][-]{section.43}{\376\377\0003\000.\0001\000\040\000P\000r\000e\000d\000i\000c\000t\000i\000o\000n}{chapter.42}% 30
\BOOKMARK [2][-]{subsection.44}{\376\377\0003\000.\0001\000.\0001\000\040\000I\000n\000t\000r\000a\000-\000P\000r\000e\000d\000i\000c\000t\000i\000o\000n}{section.43}% 31
\BOOKMARK [3][-]{subsubsection.45}{\376\377\0003\000.\0001\000.\0001\000.\0001\000\040\0004\000x\0004\000\040\000L\000u\000m\000a\000\040\000P\000r\000e\000d\000i\000c\000t\000i\000o\000n}{subsection.44}% 32
\BOOKMARK [3][-]{subsubsection.48}{\376\377\0003\000.\0001\000.\0001\000.\0002\000\040\0008\000x\0008\000\040\000C\000h\000r\000o\000m\000a\000\040\000P\000r\000e\000d\000i\000c\000t\000i\000o\000n}{subsection.44}% 33
\BOOKMARK [2][-]{subsection.50}{\376\377\0003\000.\0001\000.\0002\000\040\000I\000n\000t\000e\000r\000-\000P\000r\000e\000d\000i\000c\000t\000i\000o\000n}{section.43}% 34
\BOOKMARK [3][-]{subsubsection.51}{\376\377\0003\000.\0001\000.\0002\000.\0001\000\040\000B\000l\000o\000c\000k\000\040\000M\000a\000t\000c\000h\000i\000n\000g\000\040\000T\000e\000c\000h\000n\000i\000q\000u\000e}{subsection.50}% 35
\BOOKMARK [1][-]{section.53}{\376\377\0003\000.\0002\000\040\000T\000r\000a\000n\000s\000f\000o\000r\000m\000\040\000C\000o\000d\000i\000n\000g}{chapter.42}% 36
\BOOKMARK [2][-]{subsection.54}{\376\377\0003\000.\0002\000.\0001\000\040\000D\000C\000\040\000T\000r\000a\000n\000s\000f\000o\000r\000m}{section.53}% 37
\BOOKMARK [2][-]{subsection.58}{\376\377\0003\000.\0002\000.\0002\000\040\000C\000o\000r\000e\000\040\000T\000r\000a\000n\000s\000f\000o\000r\000m}{section.53}% 38
\BOOKMARK [1][-]{section.60}{\376\377\0003\000.\0003\000\040\000Q\000u\000a\000n\000t\000i\000z\000a\000t\000i\000o\000n}{chapter.42}% 39
\BOOKMARK [1][-]{section.61}{\376\377\0003\000.\0004\000\040\000E\000n\000c\000o\000d\000i\000n\000g}{chapter.42}% 40
\BOOKMARK [2][-]{subsection.62}{\376\377\0003\000.\0004\000.\0001\000\040\000C\000o\000n\000t\000e\000x\000t\000\040\000A\000d\000a\000p\000t\000i\000v\000e\000\040\000V\000a\000r\000i\000a\000b\000l\000e\000\040\000L\000e\000n\000g\000t\000h\000\040\000C\000o\000d\000i\000n\000g\000,\000C\000A\000V\000L\000C}{section.61}% 41
\BOOKMARK [0][-]{chapter.63}{\376\377\0004\000\040\000H\000a\000r\000d\000w\000a\000r\000e\000\040\000A\000r\000c\000h\000i\000t\000e\000c\000t\000u\000r\000e\000\040\000f\000o\000r\000\040\000I\000n\000t\000e\000r\000-\000P\000r\000e\000d\000i\000c\000t\000i\000o\000n}{}% 42
\BOOKMARK [1][-]{section.64}{\376\377\0004\000.\0001\000\040\000F\000u\000l\000l\000\040\000S\000e\000a\000r\000c\000h\000\040\000M\000E\000\040\000A\000l\000g\000o\000r\000i\000t\000h\000m}{chapter.63}% 43
\BOOKMARK [1][-]{section.68}{\376\377\0004\000.\0002\000\040\0002\0005\0006\000\040\000P\000E\000\040\000V\000B\000S\000\040\000F\000S\000\040\000M\000E\000\040\000H\000a\000r\000d\000w\000a\000r\000e\000\040\000A\000r\000c\000h\000i\000t\000e\000c\000t\000u\000r\000e}{chapter.63}% 44
\BOOKMARK [2][-]{subsection.72}{\376\377\0004\000.\0002\000.\0001\000\040\000P\000I\000-\000P\000P\000S\000A\000D\000\040\000A\000r\000c\000h\000i\000t\000e\000c\000t\000u\000r\000e\000\040\000f\000o\000r\000\040\000S\000A\000D\000\040\000C\000a\000l\000c\000u\000l\000a\000t\000i\000o\000n}{section.68}% 45
\BOOKMARK [2][-]{subsection.74}{\376\377\0004\000.\0002\000.\0002\000\040\000Z\000i\000g\000-\000Z\000a\000g\000\040\000S\000e\000a\000r\000c\000h\000\040\000P\000a\000t\000t\000e\000r\000n}{section.68}% 46
\BOOKMARK [2][-]{subsection.76}{\376\377\0004\000.\0002\000.\0003\000\040\000D\000a\000t\000a\000\040\000F\000l\000o\000w\000\040\000i\000n\000\040\0002\0005\0006\000\040\000P\000E\000s}{section.68}% 47
\BOOKMARK [0][-]{chapter.79}{\376\377\0005\000\040\000R\000e\000s\000u\000l\000t\000s\000\040\000a\000n\000d\000\040\000P\000e\000r\000f\000o\000r\000m\000a\000n\000c\000e}{}% 48
\BOOKMARK [1][-]{section.80}{\376\377\0005\000.\0001\000\040\000P\000e\000r\000f\000o\000r\000m\000a\000n\000c\000e\000\040\000E\000v\000a\000l\000u\000a\000t\000i\000o\000n\000\040\000o\000f\000\040\000H\000.\0002\0006\0004\000\040\000E\000n\000c\000o\000d\000e\000r}{chapter.79}% 49
\BOOKMARK [2][-]{subsection.81}{\376\377\0005\000.\0001\000.\0001\000\040\000E\000f\000f\000e\000c\000t\000\040\000o\000f\000\040\000D\000i\000f\000f\000e\000r\000e\000n\000t\000\040\000V\000a\000l\000u\000e\000s\000\040\000f\000o\000r\000\040\000Q\000P}{section.80}% 50
\BOOKMARK [2][-]{subsection.83}{\376\377\0005\000.\0001\000.\0002\000\040\000R\000e\000s\000o\000u\000r\000c\000e\000\040\000U\000t\000i\000l\000i\000z\000a\000t\000i\000o\000n}{section.80}% 51
\BOOKMARK [1][-]{section.85}{\376\377\0005\000.\0002\000\040\000P\000e\000r\000f\000o\000r\000m\000a\000n\000c\000e\000\040\000E\000v\000a\000l\000u\000a\000t\000i\000o\000n\000\040\000o\000f\000\040\000I\000n\000t\000e\000r\000-\000P\000r\000e\000d\000i\000c\000t\000i\000o\000n\000\040\000M\000o\000d\000u\000l\000e}{chapter.79}% 52
\BOOKMARK [2][-]{subsection.87}{\376\377\0005\000.\0002\000.\0001\000\040\000R\000e\000s\000o\000u\000r\000c\000e\000\040\000U\000t\000i\000l\000i\000z\000a\000t\000i\000o\000n}{section.85}% 53
\BOOKMARK [2][-]{subsection.89}{\376\377\0005\000.\0002\000.\0002\000\040\000S\000i\000m\000u\000l\000a\000t\000i\000o\000n\000\040\000R\000e\000s\000u\000l\000t\000s}{section.85}% 54
\BOOKMARK [0][-]{chapter.92}{\376\377\0006\000\040\000C\000o\000n\000c\000l\000u\000s\000i\000o\000n\000s\000\040\000a\000n\000d\000\040\000F\000u\000t\000u\000r\000e\000\040\000D\000i\000r\000e\000c\000t\000i\000o\000n\000s}{}% 55
\BOOKMARK [1][-]{section.93}{\376\377\0006\000.\0001\000\040\000F\000u\000t\000u\000r\000e\000\040\000D\000i\000r\000e\000c\000t\000i\000o\000n\000s}{chapter.92}% 56
\BOOKMARK [0][-]{appendix.94}{\376\377\000A\000\040\000C\000o\000m\000p\000u\000t\000a\000t\000i\000o\000n\000\040\000o\000f\000\040\000D\000C\000T}{}% 57
\BOOKMARK [0][-]{dummy.95}{\376\377\000R\000e\000f\000e\000r\000e\000n\000c\000e\000s}{}% 58
